  [1m[36m (69.8ms)[0m  [1mCREATE TABLE "schema_migrations" ("version" varchar NOT NULL) [0m
  [1m[35m (0.2ms)[0m  select sqlite_version(*)
  [1m[36m (74.8ms)[0m  [1mCREATE UNIQUE INDEX "unique_schema_migrations" ON "schema_migrations" ("version")[0m
  [1m[35mActiveRecord::SchemaMigration Load (0.1ms)[0m  SELECT "schema_migrations".* FROM "schema_migrations"
Migrating to CreateMovies (20111119180638)
  [1m[36m (0.2ms)[0m  [1mbegin transaction[0m
DEPRECATION WARNING: `#timestamps` was called without specifying an option for `null`. In Rails 5, this behavior will change to `null: false`. You should manually specify `null: true` to prevent the behavior of your existing migrations from changing. (called from block in up at /home/codio/workspace/hw-acceptance-unit-test-cycle/rottenpotatoes/db/migrate/20111119180638_create_movies.rb:10)
  [1m[35m (0.8ms)[0m  CREATE TABLE "movies" ("id" INTEGER PRIMARY KEY AUTOINCREMENT NOT NULL, "title" varchar, "rating" varchar, "description" text, "release_date" datetime, "created_at" datetime, "updated_at" datetime) 
  [1m[36mSQL (0.8ms)[0m  [1mINSERT INTO "schema_migrations" ("version") VALUES (?)[0m  [["version", "20111119180638"]]
  [1m[35m (68.2ms)[0m  commit transaction
  [1m[36mActiveRecord::SchemaMigration Load (0.1ms)[0m  [1mSELECT "schema_migrations".* FROM "schema_migrations"[0m
  [1m[36m (68.1ms)[0m  [1mCREATE TABLE "movies" ("id" INTEGER PRIMARY KEY AUTOINCREMENT NOT NULL, "title" varchar, "rating" varchar, "description" text, "release_date" datetime, "created_at" datetime, "updated_at" datetime) [0m
  [1m[35m (69.7ms)[0m  CREATE TABLE "schema_migrations" ("version" varchar NOT NULL) 
  [1m[36m (0.2ms)[0m  [1mselect sqlite_version(*)[0m
  [1m[35m (61.4ms)[0m  CREATE UNIQUE INDEX "unique_schema_migrations" ON "schema_migrations" ("version")
  [1m[36m (0.1ms)[0m  [1mSELECT version FROM "schema_migrations"[0m
  [1m[35m (72.1ms)[0m  INSERT INTO "schema_migrations" (version) VALUES ('20111119180638')
  [1m[36mActiveRecord::SchemaMigration Load (0.1ms)[0m  [1mSELECT "schema_migrations".* FROM "schema_migrations"[0m
  [1m[35m (0.1ms)[0m  begin transaction
  [1m[36mSQL (0.5ms)[0m  [1mINSERT INTO "movies" ("title", "rating", "release_date", "created_at", "updated_at") VALUES (?, ?, ?, ?, ?)[0m  [["title", "Aladdin"], ["rating", "G"], ["release_date", "1992-11-25 00:00:00.000000"], ["created_at", "2023-10-24 19:29:18.853272"], ["updated_at", "2023-10-24 19:29:18.853272"]]
  [1m[35m (62.5ms)[0m  commit transaction
  [1m[36m (0.1ms)[0m  [1mbegin transaction[0m
  [1m[35mSQL (0.5ms)[0m  INSERT INTO "movies" ("title", "rating", "release_date", "created_at", "updated_at") VALUES (?, ?, ?, ?, ?)  [["title", "The Terminator"], ["rating", "R"], ["release_date", "1984-10-26 00:00:00.000000"], ["created_at", "2023-10-24 19:29:18.918451"], ["updated_at", "2023-10-24 19:29:18.918451"]]
  [1m[36m (66.7ms)[0m  [1mcommit transaction[0m
  [1m[35m (0.1ms)[0m  begin transaction
  [1m[36mSQL (0.3ms)[0m  [1mINSERT INTO "movies" ("title", "rating", "release_date", "created_at", "updated_at") VALUES (?, ?, ?, ?, ?)[0m  [["title", "When Harry Met Sally"], ["rating", "R"], ["release_date", "1989-07-21 00:00:00.000000"], ["created_at", "2023-10-24 19:29:18.987427"], ["updated_at", "2023-10-24 19:29:18.987427"]]
  [1m[35m (60.7ms)[0m  commit transaction
  [1m[36m (0.1ms)[0m  [1mbegin transaction[0m
  [1m[35mSQL (0.4ms)[0m  INSERT INTO "movies" ("title", "rating", "release_date", "created_at", "updated_at") VALUES (?, ?, ?, ?, ?)  [["title", "The Help"], ["rating", "PG-13"], ["release_date", "2011-08-10 00:00:00.000000"], ["created_at", "2023-10-24 19:29:19.050178"], ["updated_at", "2023-10-24 19:29:19.050178"]]
  [1m[36m (72.3ms)[0m  [1mcommit transaction[0m
  [1m[35m (0.1ms)[0m  begin transaction
  [1m[36mSQL (0.3ms)[0m  [1mINSERT INTO "movies" ("title", "rating", "release_date", "created_at", "updated_at") VALUES (?, ?, ?, ?, ?)[0m  [["title", "Chocolat"], ["rating", "PG-13"], ["release_date", "2001-01-05 00:00:00.000000"], ["created_at", "2023-10-24 19:29:19.125090"], ["updated_at", "2023-10-24 19:29:19.125090"]]
  [1m[35m (65.6ms)[0m  commit transaction
  [1m[36m (0.1ms)[0m  [1mbegin transaction[0m
  [1m[35mSQL (0.5ms)[0m  INSERT INTO "movies" ("title", "rating", "release_date", "created_at", "updated_at") VALUES (?, ?, ?, ?, ?)  [["title", "Amelie"], ["rating", "R"], ["release_date", "2001-04-25 00:00:00.000000"], ["created_at", "2023-10-24 19:29:19.193191"], ["updated_at", "2023-10-24 19:29:19.193191"]]
  [1m[36m (65.7ms)[0m  [1mcommit transaction[0m
  [1m[35m (0.1ms)[0m  begin transaction
  [1m[36mSQL (0.3ms)[0m  [1mINSERT INTO "movies" ("title", "rating", "release_date", "created_at", "updated_at") VALUES (?, ?, ?, ?, ?)[0m  [["title", "2001: A Space Odyssey"], ["rating", "G"], ["release_date", "1968-04-06 00:00:00.000000"], ["created_at", "2023-10-24 19:29:19.261398"], ["updated_at", "2023-10-24 19:29:19.261398"]]
  [1m[35m (63.1ms)[0m  commit transaction
  [1m[36m (0.1ms)[0m  [1mbegin transaction[0m
  [1m[35mSQL (0.2ms)[0m  INSERT INTO "movies" ("title", "rating", "release_date", "created_at", "updated_at") VALUES (?, ?, ?, ?, ?)  [["title", "The Incredibles"], ["rating", "PG"], ["release_date", "2004-11-05 00:00:00.000000"], ["created_at", "2023-10-24 19:29:19.326740"], ["updated_at", "2023-10-24 19:29:19.326740"]]
  [1m[36m (65.9ms)[0m  [1mcommit transaction[0m
  [1m[35m (0.1ms)[0m  begin transaction
  [1m[36mSQL (0.2ms)[0m  [1mINSERT INTO "movies" ("title", "rating", "release_date", "created_at", "updated_at") VALUES (?, ?, ?, ?, ?)[0m  [["title", "Raiders of the Lost Ark"], ["rating", "PG"], ["release_date", "1981-06-12 00:00:00.000000"], ["created_at", "2023-10-24 19:29:19.394456"], ["updated_at", "2023-10-24 19:29:19.394456"]]
  [1m[35m (64.2ms)[0m  commit transaction
  [1m[36m (0.1ms)[0m  [1mbegin transaction[0m
  [1m[35mSQL (0.5ms)[0m  INSERT INTO "movies" ("title", "rating", "release_date", "created_at", "updated_at") VALUES (?, ?, ?, ?, ?)  [["title", "Chicken Run"], ["rating", "G"], ["release_date", "2000-06-21 00:00:00.000000"], ["created_at", "2023-10-24 19:29:19.460759"], ["updated_at", "2023-10-24 19:29:19.460759"]]
  [1m[36m (63.5ms)[0m  [1mcommit transaction[0m
  [1m[36m (64.5ms)[0m  [1mCREATE TABLE "movies" ("id" INTEGER PRIMARY KEY AUTOINCREMENT NOT NULL, "title" varchar, "rating" varchar, "description" text, "release_date" datetime, "created_at" datetime, "updated_at" datetime, "director" varchar) [0m
  [1m[35m (60.6ms)[0m  CREATE TABLE "schema_migrations" ("version" varchar NOT NULL) 
  [1m[36m (0.1ms)[0m  [1mselect sqlite_version(*)[0m
  [1m[35m (70.8ms)[0m  CREATE UNIQUE INDEX "unique_schema_migrations" ON "schema_migrations" ("version")
  [1m[36m (0.1ms)[0m  [1mSELECT version FROM "schema_migrations"[0m
  [1m[35m (76.1ms)[0m  INSERT INTO "schema_migrations" (version) VALUES ('20111119180638')
  [1m[36m (70.1ms)[0m  [1mCREATE TABLE "movies" ("id" INTEGER PRIMARY KEY AUTOINCREMENT NOT NULL, "title" varchar, "rating" varchar, "description" text, "release_date" datetime, "created_at" datetime, "updated_at" datetime, "director" varchar) [0m
  [1m[35m (71.3ms)[0m  CREATE TABLE "schema_migrations" ("version" varchar NOT NULL) 
  [1m[36m (0.1ms)[0m  [1mselect sqlite_version(*)[0m
  [1m[35m (71.3ms)[0m  CREATE UNIQUE INDEX "unique_schema_migrations" ON "schema_migrations" ("version")
  [1m[36m (0.2ms)[0m  [1mSELECT version FROM "schema_migrations"[0m
  [1m[35m (73.9ms)[0m  INSERT INTO "schema_migrations" (version) VALUES ('20111119180638')


Started GET "/" for 2603:7000:9a00:cb5:2415:b5a9:d2de:2f4d at 2023-10-25 00:56:17 +0000


Started GET "/movies" for 2603:7000:9a00:cb5:2415:b5a9:d2de:2f4d at 2023-10-25 00:56:17 +0000
Processing by MoviesController#index as HTML
  [1m[36mMovie Load (1.5ms)[0m  [1mSELECT "movies".* FROM "movies"[0m
  Rendered movies/index.html.erb within layouts/application (30.9ms)
Completed 500 Internal Server Error in 72ms (ActiveRecord: 1.9ms)

ActionView::Template::Error (undefined method `director' for #<Movie:0x000056444d0ac390>):
    25:           <%= movie.release_date %>
    26:         </td>
    27:         <td>
    28:           <%= movie.director %>
    29:         </td>
    30:         <td>
    31:           <%= link_to "More about #{movie.title}", movie_path(movie) %>
  app/views/movies/index.html.erb:28:in `block in _app_views_movies_index_html_erb___3299937335206305420_47425673955100'
  app/views/movies/index.html.erb:16:in `_app_views_movies_index_html_erb___3299937335206305420_47425673955100'


  Rendered /home/codio/.rvm/gems/ruby-2.6.6/gems/actionpack-4.2.10/lib/action_dispatch/middleware/templates/rescues/_source.erb (21.3ms)
  Rendered /home/codio/.rvm/gems/ruby-2.6.6/gems/actionpack-4.2.10/lib/action_dispatch/middleware/templates/rescues/_trace.html.erb (3.3ms)
  Rendered /home/codio/.rvm/gems/ruby-2.6.6/gems/actionpack-4.2.10/lib/action_dispatch/middleware/templates/rescues/_request_and_response.html.erb (10.6ms)
  Rendered /home/codio/.rvm/gems/ruby-2.6.6/gems/actionpack-4.2.10/lib/action_dispatch/middleware/templates/rescues/template_error.html.erb within rescues/layout (48.2ms)


Started GET "/" for 2603:7000:9a00:cb5:2415:b5a9:d2de:2f4d at 2023-10-25 00:56:38 +0000


Started GET "/movies" for 2603:7000:9a00:cb5:2415:b5a9:d2de:2f4d at 2023-10-25 00:56:38 +0000
Processing by MoviesController#index as HTML
  [1m[35mMovie Load (0.2ms)[0m  SELECT "movies".* FROM "movies"
  Rendered movies/index.html.erb within layouts/application (2.9ms)
  Rendered layouts/_flash.erb (0.5ms)
Completed 200 OK in 445ms (Views: 444.8ms | ActiveRecord: 0.2ms)


Started GET "/assets/jquery.self-660adc51e0224b731d29f575a6f1ec167ba08ad06ed5deca4f1e8654c135bf4c.js?body=1" for 2603:7000:9a00:cb5:2415:b5a9:d2de:2f4d at 2023-10-25 00:56:39 +0000


Started GET "/assets/application.self-e80e8f2318043e8af94dddc2adad5a4f09739a8ebb323b3ab31cd71d45fd9113.css?body=1" for 2603:7000:9a00:cb5:2415:b5a9:d2de:2f4d at 2023-10-25 00:56:39 +0000


Started GET "/assets/jquery_ujs.self-e87806d0cf4489aeb1bb7288016024e8de67fd18db693fe026fe3907581e53cd.js?body=1" for 2603:7000:9a00:cb5:2415:b5a9:d2de:2f4d at 2023-10-25 00:56:39 +0000


Started GET "/assets/application.self-377610cd7c1509e934744c810e3b4cf672dfbcacac3274e7d039827e2ae0fcc7.js?body=1" for 2603:7000:9a00:cb5:2415:b5a9:d2de:2f4d at 2023-10-25 00:56:39 +0000


Started GET "/movies/10" for 2603:7000:9a00:cb5:2415:b5a9:d2de:2f4d at 2023-10-25 00:56:44 +0000
Processing by MoviesController#show as HTML
  Parameters: {"id"=>"10"}
  [1m[36mMovie Load (0.2ms)[0m  [1mSELECT  "movies".* FROM "movies" WHERE "movies"."id" = ? LIMIT 1[0m  [["id", 10]]
  Rendered movies/show.html.erb within layouts/application (1.1ms)
  Rendered layouts/_flash.erb (0.1ms)
Completed 200 OK in 31ms (Views: 10.3ms | ActiveRecord: 0.2ms)


Started GET "/movies/10/edit" for 2603:7000:9a00:cb5:2415:b5a9:d2de:2f4d at 2023-10-25 00:56:47 +0000
Processing by MoviesController#edit as HTML
  Parameters: {"id"=>"10"}
  [1m[35mMovie Load (0.1ms)[0m  SELECT  "movies".* FROM "movies" WHERE "movies"."id" = ? LIMIT 1  [["id", 10]]
  Rendered movies/edit.html.erb within layouts/application (32.7ms)
Completed 500 Internal Server Error in 35ms (ActiveRecord: 0.1ms)

ActionView::Template::Error (undefined method `director' for #<Movie:0x00007f423a0cc618>):
    3:   <%= label :movie, :title, 'Title', :class => 'col-form-label' %>
    4:   <%= text_field :movie, 'title', :class => 'form-control' %>
    5:   <%= label :movie, :director, 'Director', :class => 'col-form-label' %>
    6:   <%= text_field :movie, 'director', :class => 'form-control' %>
    7:   <%= label :movie, :rating, 'Rating', :class => 'col-form-label'  %>
    8:   <%= select :movie, :rating, ['G','PG','PG-13','R','NC-17'], {}, {:class => 'form-control col-1'} %>
    9:   <%= label :movie, :release_date, 'Released On', :class => 'col-form-label'  %>
  app/views/movies/edit.html.erb:6:in `block in _app_views_movies_edit_html_erb__4501147100704962655_69961209280460'
  app/views/movies/edit.html.erb:2:in `_app_views_movies_edit_html_erb__4501147100704962655_69961209280460'


  Rendered /home/codio/.rvm/gems/ruby-2.6.6/gems/actionpack-4.2.10/lib/action_dispatch/middleware/templates/rescues/_source.erb (7.8ms)
  Rendered /home/codio/.rvm/gems/ruby-2.6.6/gems/actionpack-4.2.10/lib/action_dispatch/middleware/templates/rescues/_trace.html.erb (3.2ms)
  Rendered /home/codio/.rvm/gems/ruby-2.6.6/gems/actionpack-4.2.10/lib/action_dispatch/middleware/templates/rescues/_request_and_response.html.erb (1.2ms)
  Rendered /home/codio/.rvm/gems/ruby-2.6.6/gems/actionpack-4.2.10/lib/action_dispatch/middleware/templates/rescues/template_error.html.erb within rescues/layout (21.6ms)


Started GET "/" for 2603:7000:9a00:cb5:2415:b5a9:d2de:2f4d at 2023-10-25 00:58:30 +0000


Started GET "/movies" for 2603:7000:9a00:cb5:2415:b5a9:d2de:2f4d at 2023-10-25 00:58:30 +0000
Processing by MoviesController#index as HTML
  [1m[36mMovie Load (0.2ms)[0m  [1mSELECT "movies".* FROM "movies"[0m
  Rendered movies/index.html.erb within layouts/application (2.3ms)
  Rendered layouts/_flash.erb (0.1ms)
Completed 200 OK in 10ms (Views: 10.0ms | ActiveRecord: 0.2ms)


Started GET "/movies/6" for 2603:7000:9a00:cb5:2415:b5a9:d2de:2f4d at 2023-10-25 00:58:33 +0000
Processing by MoviesController#show as HTML
  Parameters: {"id"=>"6"}
  [1m[35mMovie Load (0.1ms)[0m  SELECT  "movies".* FROM "movies" WHERE "movies"."id" = ? LIMIT 1  [["id", 6]]
  Rendered movies/show.html.erb within layouts/application (0.4ms)
  Rendered layouts/_flash.erb (0.1ms)
Completed 200 OK in 8ms (Views: 7.4ms | ActiveRecord: 0.1ms)


Started GET "/movies/6/edit" for 2603:7000:9a00:cb5:2415:b5a9:d2de:2f4d at 2023-10-25 00:58:34 +0000
Processing by MoviesController#edit as HTML
  Parameters: {"id"=>"6"}
  [1m[36mMovie Load (0.1ms)[0m  [1mSELECT  "movies".* FROM "movies" WHERE "movies"."id" = ? LIMIT 1[0m  [["id", 6]]
  Rendered movies/edit.html.erb within layouts/application (20.3ms)
Completed 500 Internal Server Error in 22ms (ActiveRecord: 0.1ms)

ActionView::Template::Error (undefined method `director' for #<Movie:0x00007f423a1b52f0>):
     7:   <%= label :movie, :release_date, 'Released On', :class => 'col-form-label'  %>
     8:   <%= date_select :movie, :release_date, {}, :class => 'form-control col-2 d-inline' %>
     9:   <%= label :movie, :director, 'Director', :class => 'col-form-label' %>
    10:   <%= text_field :movie, 'director', :class => 'form-control col-3 d-inline' %>
    11:   <br/>
    12:   <%= submit_tag 'Update Movie Info', :class => 'btn btn-primary' %>
    13:   <%= link_to 'Cancel', movies_path, :class => 'btn btn-secondary' %>
  app/views/movies/edit.html.erb:10:in `block in _app_views_movies_edit_html_erb__4501147100704962655_69961209740920'
  app/views/movies/edit.html.erb:2:in `_app_views_movies_edit_html_erb__4501147100704962655_69961209740920'


  Rendered /home/codio/.rvm/gems/ruby-2.6.6/gems/actionpack-4.2.10/lib/action_dispatch/middleware/templates/rescues/_source.erb (6.6ms)
  Rendered /home/codio/.rvm/gems/ruby-2.6.6/gems/actionpack-4.2.10/lib/action_dispatch/middleware/templates/rescues/_trace.html.erb (2.7ms)
  Rendered /home/codio/.rvm/gems/ruby-2.6.6/gems/actionpack-4.2.10/lib/action_dispatch/middleware/templates/rescues/_request_and_response.html.erb (1.1ms)
  Rendered /home/codio/.rvm/gems/ruby-2.6.6/gems/actionpack-4.2.10/lib/action_dispatch/middleware/templates/rescues/template_error.html.erb within rescues/layout (18.0ms)


Started GET "/" for 2603:7000:9a00:cb5:2415:b5a9:d2de:2f4d at 2023-10-25 01:00:00 +0000


Started GET "/movies" for 2603:7000:9a00:cb5:2415:b5a9:d2de:2f4d at 2023-10-25 01:00:01 +0000
Processing by MoviesController#index as HTML
  [1m[35mMovie Load (0.2ms)[0m  SELECT "movies".* FROM "movies"
  Rendered movies/index.html.erb within layouts/application (2.4ms)
  Rendered layouts/_flash.erb (0.1ms)
Completed 200 OK in 11ms (Views: 10.1ms | ActiveRecord: 0.2ms)


Started GET "/movies/1" for 2603:7000:9a00:cb5:2415:b5a9:d2de:2f4d at 2023-10-25 01:00:02 +0000
Processing by MoviesController#show as HTML
  Parameters: {"id"=>"1"}
  [1m[36mMovie Load (0.1ms)[0m  [1mSELECT  "movies".* FROM "movies" WHERE "movies"."id" = ? LIMIT 1[0m  [["id", 1]]
  Rendered movies/show.html.erb within layouts/application (2.7ms)
  Rendered layouts/_flash.erb (0.1ms)
Completed 200 OK in 13ms (Views: 12.3ms | ActiveRecord: 0.1ms)


Started GET "/movies/1/edit" for 2603:7000:9a00:cb5:2415:b5a9:d2de:2f4d at 2023-10-25 01:00:03 +0000
Processing by MoviesController#edit as HTML
  Parameters: {"id"=>"1"}
  [1m[35mMovie Load (0.1ms)[0m  SELECT  "movies".* FROM "movies" WHERE "movies"."id" = ? LIMIT 1  [["id", 1]]
  Rendered movies/edit.html.erb within layouts/application (1.0ms)
Completed 500 Internal Server Error in 3ms (ActiveRecord: 0.1ms)

SyntaxError (/home/codio/workspace/hw-acceptance-unit-test-cycle/rottenpotatoes/app/views/movies/edit.html.erb:10: syntax error, unexpected ':', expecting ')'
...'form-control col-3 d-inline' :id => 'Director');@output_buf...
...                              ^):
  app/views/movies/edit.html.erb:10: syntax error, unexpected ':', expecting ')'


  Rendered /home/codio/.rvm/gems/ruby-2.6.6/gems/actionpack-4.2.10/lib/action_dispatch/middleware/templates/rescues/_source.erb (6.2ms)
  Rendered /home/codio/.rvm/gems/ruby-2.6.6/gems/actionpack-4.2.10/lib/action_dispatch/middleware/templates/rescues/_trace.html.erb (2.7ms)
  Rendered /home/codio/.rvm/gems/ruby-2.6.6/gems/actionpack-4.2.10/lib/action_dispatch/middleware/templates/rescues/_request_and_response.html.erb (1.3ms)
  Rendered /home/codio/.rvm/gems/ruby-2.6.6/gems/actionpack-4.2.10/lib/action_dispatch/middleware/templates/rescues/diagnostics.html.erb within rescues/layout (18.5ms)


Started GET "/" for 2603:7000:9a00:cb5:2415:b5a9:d2de:2f4d at 2023-10-25 01:00:25 +0000


Started GET "/movies" for 2603:7000:9a00:cb5:2415:b5a9:d2de:2f4d at 2023-10-25 01:00:25 +0000
Processing by MoviesController#index as HTML
  [1m[36mMovie Load (0.2ms)[0m  [1mSELECT "movies".* FROM "movies"[0m
  Rendered movies/index.html.erb within layouts/application (2.9ms)
  Rendered layouts/_flash.erb (0.1ms)
Completed 200 OK in 13ms (Views: 12.5ms | ActiveRecord: 0.2ms)


Started GET "/movies/1" for 2603:7000:9a00:cb5:2415:b5a9:d2de:2f4d at 2023-10-25 01:00:27 +0000
Processing by MoviesController#show as HTML
  Parameters: {"id"=>"1"}
  [1m[35mMovie Load (0.1ms)[0m  SELECT  "movies".* FROM "movies" WHERE "movies"."id" = ? LIMIT 1  [["id", 1]]
  Rendered movies/show.html.erb within layouts/application (0.4ms)
  Rendered layouts/_flash.erb (0.1ms)
Completed 200 OK in 10ms (Views: 8.9ms | ActiveRecord: 0.1ms)


Started GET "/movies/1/edit" for 2603:7000:9a00:cb5:2415:b5a9:d2de:2f4d at 2023-10-25 01:00:28 +0000
Processing by MoviesController#edit as HTML
  Parameters: {"id"=>"1"}
  [1m[36mMovie Load (0.1ms)[0m  [1mSELECT  "movies".* FROM "movies" WHERE "movies"."id" = ? LIMIT 1[0m  [["id", 1]]
  Rendered movies/edit.html.erb within layouts/application (8.3ms)
Completed 500 Internal Server Error in 10ms (ActiveRecord: 0.1ms)

ActionView::Template::Error (undefined method `director' for #<Movie:0x00007f423a2798f8>):
     7:   <%= label :movie, :release_date, 'Released On', :class => 'col-form-label'  %>
     8:   <%= date_select :movie, :release_date, {}, :class => 'form-control col-2 d-inline' %>
     9:   <%= label :movie, :director, 'Director', :class => 'col-form-label' %>
    10:   <%= text_field :movie, 'director', :class => 'form-control col-3 d-inline', :id => 'Director'%>
    11:   <br/>
    12:   <%= submit_tag 'Update Movie Info', :class => 'btn btn-primary' %>
    13:   <%= link_to 'Cancel', movies_path, :class => 'btn btn-secondary' %>
  app/views/movies/edit.html.erb:10:in `block in _app_views_movies_edit_html_erb__4501147100704962655_69961210118560'
  app/views/movies/edit.html.erb:2:in `_app_views_movies_edit_html_erb__4501147100704962655_69961210118560'


  Rendered /home/codio/.rvm/gems/ruby-2.6.6/gems/actionpack-4.2.10/lib/action_dispatch/middleware/templates/rescues/_source.erb (6.6ms)
  Rendered /home/codio/.rvm/gems/ruby-2.6.6/gems/actionpack-4.2.10/lib/action_dispatch/middleware/templates/rescues/_trace.html.erb (2.8ms)
  Rendered /home/codio/.rvm/gems/ruby-2.6.6/gems/actionpack-4.2.10/lib/action_dispatch/middleware/templates/rescues/_request_and_response.html.erb (1.0ms)
  Rendered /home/codio/.rvm/gems/ruby-2.6.6/gems/actionpack-4.2.10/lib/action_dispatch/middleware/templates/rescues/template_error.html.erb within rescues/layout (17.8ms)


Started GET "/" for 2603:7000:9a00:cb5:2415:b5a9:d2de:2f4d at 2023-10-25 01:02:56 +0000


Started GET "/movies" for 2603:7000:9a00:cb5:2415:b5a9:d2de:2f4d at 2023-10-25 01:02:57 +0000
Processing by MoviesController#index as HTML
  [1m[35mMovie Load (0.2ms)[0m  SELECT "movies".* FROM "movies"
  Rendered movies/index.html.erb within layouts/application (7.2ms)
Completed 500 Internal Server Error in 8ms (ActiveRecord: 0.2ms)

ActionView::Template::Error (undefined method `director' for #<Movie:0x00007f423a1b6358>):
    26:           <%= movie.release_date %>
    27:         </td>
    28:         <td>
    29:           <%= movie.director %>
    30:         </td>
    31:         <td>
    32:           <%= link_to "More about #{movie.title}", movie_path(movie) %>
  app/views/movies/index.html.erb:29:in `block in _app_views_movies_index_html_erb___3299937335206305420_69961209680200'
  app/views/movies/index.html.erb:17:in `_app_views_movies_index_html_erb___3299937335206305420_69961209680200'


  Rendered /home/codio/.rvm/gems/ruby-2.6.6/gems/actionpack-4.2.10/lib/action_dispatch/middleware/templates/rescues/_source.erb (6.2ms)
  Rendered /home/codio/.rvm/gems/ruby-2.6.6/gems/actionpack-4.2.10/lib/action_dispatch/middleware/templates/rescues/_trace.html.erb (2.7ms)
  Rendered /home/codio/.rvm/gems/ruby-2.6.6/gems/actionpack-4.2.10/lib/action_dispatch/middleware/templates/rescues/_request_and_response.html.erb (1.0ms)
  Rendered /home/codio/.rvm/gems/ruby-2.6.6/gems/actionpack-4.2.10/lib/action_dispatch/middleware/templates/rescues/template_error.html.erb within rescues/layout (17.3ms)


Started GET "/" for 2603:7000:9a00:cb5:2415:b5a9:d2de:2f4d at 2023-10-25 01:02:59 +0000


Started GET "/movies" for 2603:7000:9a00:cb5:2415:b5a9:d2de:2f4d at 2023-10-25 01:02:59 +0000
Processing by MoviesController#index as HTML
  [1m[36mMovie Load (0.2ms)[0m  [1mSELECT "movies".* FROM "movies"[0m
  Rendered movies/index.html.erb within layouts/application (6.8ms)
Completed 500 Internal Server Error in 8ms (ActiveRecord: 0.2ms)

ActionView::Template::Error (undefined method `director' for #<Movie:0x00007f4239f5d6b0>):
    26:           <%= movie.release_date %>
    27:         </td>
    28:         <td>
    29:           <%= movie.director %>
    30:         </td>
    31:         <td>
    32:           <%= link_to "More about #{movie.title}", movie_path(movie) %>
  app/views/movies/index.html.erb:29:in `block in _app_views_movies_index_html_erb___3299937335206305420_69961209680200'
  app/views/movies/index.html.erb:17:in `_app_views_movies_index_html_erb___3299937335206305420_69961209680200'


  Rendered /home/codio/.rvm/gems/ruby-2.6.6/gems/actionpack-4.2.10/lib/action_dispatch/middleware/templates/rescues/_source.erb (6.3ms)
  Rendered /home/codio/.rvm/gems/ruby-2.6.6/gems/actionpack-4.2.10/lib/action_dispatch/middleware/templates/rescues/_trace.html.erb (2.8ms)
  Rendered /home/codio/.rvm/gems/ruby-2.6.6/gems/actionpack-4.2.10/lib/action_dispatch/middleware/templates/rescues/_request_and_response.html.erb (1.1ms)
  Rendered /home/codio/.rvm/gems/ruby-2.6.6/gems/actionpack-4.2.10/lib/action_dispatch/middleware/templates/rescues/template_error.html.erb within rescues/layout (17.6ms)
  [1m[36m (67.0ms)[0m  [1mCREATE TABLE "movies" ("id" INTEGER PRIMARY KEY AUTOINCREMENT NOT NULL, "title" varchar, "rating" varchar, "description" text, "release_date" datetime, "created_at" datetime, "updated_at" datetime, "director" varchar) [0m
  [1m[35m (70.0ms)[0m  CREATE TABLE "schema_migrations" ("version" varchar NOT NULL) 
  [1m[36m (0.2ms)[0m  [1mselect sqlite_version(*)[0m
  [1m[35m (75.0ms)[0m  CREATE UNIQUE INDEX "unique_schema_migrations" ON "schema_migrations" ("version")
  [1m[36m (0.1ms)[0m  [1mSELECT version FROM "schema_migrations"[0m
  [1m[35m (74.6ms)[0m  INSERT INTO "schema_migrations" (version) VALUES ('20111119180638')
  [1m[36m (64.3ms)[0m  [1mCREATE TABLE "movies" ("id" INTEGER PRIMARY KEY AUTOINCREMENT NOT NULL, "title" varchar, "rating" varchar, "description" text, "release_date" datetime, "created_at" datetime, "updated_at" datetime, "director" varchar) [0m
  [1m[35m (63.8ms)[0m  CREATE TABLE "schema_migrations" ("version" varchar NOT NULL) 
  [1m[36m (0.1ms)[0m  [1mselect sqlite_version(*)[0m
  [1m[35m (67.2ms)[0m  CREATE UNIQUE INDEX "unique_schema_migrations" ON "schema_migrations" ("version")
  [1m[36m (0.1ms)[0m  [1mSELECT version FROM "schema_migrations"[0m
  [1m[35m (67.4ms)[0m  INSERT INTO "schema_migrations" (version) VALUES ('20111119180638')
  [1m[36m (65.8ms)[0m  [1mCREATE TABLE "movies" ("id" INTEGER PRIMARY KEY AUTOINCREMENT NOT NULL, "title" varchar, "rating" varchar, "description" text, "release_date" datetime, "created_at" datetime, "updated_at" datetime, "director" varchar) [0m
  [1m[35m (71.1ms)[0m  CREATE TABLE "schema_migrations" ("version" varchar NOT NULL) 
  [1m[36m (0.1ms)[0m  [1mselect sqlite_version(*)[0m
  [1m[35m (72.5ms)[0m  CREATE UNIQUE INDEX "unique_schema_migrations" ON "schema_migrations" ("version")
  [1m[36m (0.1ms)[0m  [1mSELECT version FROM "schema_migrations"[0m
  [1m[35m (70.9ms)[0m  INSERT INTO "schema_migrations" (version) VALUES ('20111119180638')
